<?xml version="1.0" encoding="UTF-8"?>
<!-- Generated by org.testng.reporters.JUnitReportReporter -->
<testsuite hostname="SUMNB1475" failures="0" tests="1" name="com.booking.automation.tests.BookingTest" time="34.366" errors="0" timestamp="2025-05-26T19:51:39 EEST" skipped="0">
  <testcase classname="com.booking.automation.tests.BookingTest" name="makeBookingTest" time="34.366"/>
</testsuite> <!-- com.booking.automation.tests.BookingTest -->
